{"numFailedTestSuites":1,"numFailedTests":1,"numPassedTestSuites":0,"numPassedTests":0,"numPendingTestSuites":0,"numPendingTests":0,"numRuntimeErrorTestSuites":0,"numTodoTests":0,"numTotalTestSuites":1,"numTotalTests":1,"openHandles":[],"snapshot":{"added":0,"didUpdate":false,"failure":false,"filesAdded":0,"filesRemoved":0,"filesRemovedList":[],"filesUnmatched":0,"filesUpdated":0,"matched":0,"total":0,"unchecked":0,"uncheckedKeysByFile":[],"unmatched":0,"updated":0},"startTime":1760426495760,"success":false,"testResults":[{"assertionResults":[{"ancestorTitles":["Counter Challenge"],"duration":194,"failing":false,"failureDetails":[{"name":"TestingLibraryElementError"}],"failureMessages":["TestingLibraryElementError: Unable to find an element with the text: Count: 1. This could be because the text is broken up by multiple elements. In this case, you can provide a function for your text matcher to make your matcher more flexible.\n\nIgnored nodes: comments, script, style\n\u001b[36m<body>\u001b[39m\n  \u001b[36m<div>\u001b[39m\n    \u001b[36m<div\u001b[39m\n      \u001b[33mclass\u001b[39m=\u001b[32m\"App\"\u001b[39m\n    \u001b[36m>\u001b[39m\n      \u001b[36m<h1>\u001b[39m\n        \u001b[0museState Counter\u001b[0m\n      \u001b[36m</h1>\u001b[39m\n      \u001b[36m<div>\u001b[39m\n        \u001b[36m<p>\u001b[39m\n          \u001b[0mCount: \u001b[0m\n          \u001b[0m0\u001b[0m\n        \u001b[36m</p>\u001b[39m\n        \u001b[36m<button>\u001b[39m\n          \u001b[0mIncrement\u001b[0m\n        \u001b[36m</button>\u001b[39m\n      \u001b[36m</div>\u001b[39m\n    \u001b[36m</div>\u001b[39m\n  \u001b[36m</div>\u001b[39m\n\u001b[36m</body>\u001b[39m\n    at Object.getElementError (C:\\Users\\Mike\\Desktop\\reactivate_Clean\\packages\\backend\\express_backend\\node_modules\\@testing-library\\dom\\dist\\config.js:37:19)\n    at C:\\Users\\Mike\\Desktop\\reactivate_Clean\\packages\\backend\\express_backend\\node_modules\\@testing-library\\dom\\dist\\query-helpers.js:76:38\n    at C:\\Users\\Mike\\Desktop\\reactivate_Clean\\packages\\backend\\express_backend\\node_modules\\@testing-library\\dom\\dist\\query-helpers.js:52:17\n    at C:\\Users\\Mike\\Desktop\\reactivate_Clean\\packages\\backend\\express_backend\\node_modules\\@testing-library\\dom\\dist\\query-helpers.js:95:19\n    at Object.getByText (C:\\Users\\Mike\\Desktop\\reactivate_Clean\\packages\\backend\\express_backend\\temp_challenge_runs\\80179f7d-e14d-440e-a50d-1bfb8b0c1075\\solution.test.js:15:19)\n    at Promise.finally.completed (C:\\Users\\Mike\\Desktop\\reactivate_Clean\\packages\\backend\\express_backend\\node_modules\\jest-circus\\build\\jestAdapterInit.js:1557:28)\n    at new Promise (<anonymous>)\n    at callAsyncCircusFn (C:\\Users\\Mike\\Desktop\\reactivate_Clean\\packages\\backend\\express_backend\\node_modules\\jest-circus\\build\\jestAdapterInit.js:1497:10)\n    at _callCircusTest (C:\\Users\\Mike\\Desktop\\reactivate_Clean\\packages\\backend\\express_backend\\node_modules\\jest-circus\\build\\jestAdapterInit.js:1007:40)\n    at processTicksAndRejections (node:internal/process/task_queues:105:5)\n    at _runTest (C:\\Users\\Mike\\Desktop\\reactivate_Clean\\packages\\backend\\express_backend\\node_modules\\jest-circus\\build\\jestAdapterInit.js:947:3)\n    at C:\\Users\\Mike\\Desktop\\reactivate_Clean\\packages\\backend\\express_backend\\node_modules\\jest-circus\\build\\jestAdapterInit.js:849:7\n    at _runTestsForDescribeBlock (C:\\Users\\Mike\\Desktop\\reactivate_Clean\\packages\\backend\\express_backend\\node_modules\\jest-circus\\build\\jestAdapterInit.js:862:11)\n    at _runTestsForDescribeBlock (C:\\Users\\Mike\\Desktop\\reactivate_Clean\\packages\\backend\\express_backend\\node_modules\\jest-circus\\build\\jestAdapterInit.js:857:11)\n    at run (C:\\Users\\Mike\\Desktop\\reactivate_Clean\\packages\\backend\\express_backend\\node_modules\\jest-circus\\build\\jestAdapterInit.js:761:3)\n    at runAndTransformResultsToJestFormat (C:\\Users\\Mike\\Desktop\\reactivate_Clean\\packages\\backend\\express_backend\\node_modules\\jest-circus\\build\\jestAdapterInit.js:1918:21)\n    at jestAdapter (C:\\Users\\Mike\\Desktop\\reactivate_Clean\\packages\\backend\\express_backend\\node_modules\\jest-circus\\build\\runner.js:101:19)\n    at runTestInternal (C:\\Users\\Mike\\Desktop\\reactivate_Clean\\packages\\backend\\express_backend\\node_modules\\jest-runner\\build\\index.js:275:16)\n    at runTest (C:\\Users\\Mike\\Desktop\\reactivate_Clean\\packages\\backend\\express_backend\\node_modules\\jest-runner\\build\\index.js:343:7)"],"fullName":"Counter Challenge increments the count when the button is clicked","invocations":1,"location":null,"numPassingAsserts":2,"retryReasons":[],"startAt":1760426516351,"status":"failed","title":"increments the count when the button is clicked"}],"endTime":1760426516578,"message":"  ● Counter Challenge › increments the count when the button is clicked\n\n    TestingLibraryElementError: Unable to find an element with the text: Count: 1. This could be because the text is broken up by multiple elements. In this case, you can provide a function for your text matcher to make your matcher more flexible.\n\n    Ignored nodes: comments, script, style\n    \u001b[36m<body>\u001b[39m\n      \u001b[36m<div>\u001b[39m\n        \u001b[36m<div\u001b[39m\n          \u001b[33mclass\u001b[39m=\u001b[32m\"App\"\u001b[39m\n        \u001b[36m>\u001b[39m\n          \u001b[36m<h1>\u001b[39m\n            \u001b[0museState Counter\u001b[0m\n          \u001b[36m</h1>\u001b[39m\n          \u001b[36m<div>\u001b[39m\n            \u001b[36m<p>\u001b[39m\n              \u001b[0mCount: \u001b[0m\n              \u001b[0m0\u001b[0m\n            \u001b[36m</p>\u001b[39m\n            \u001b[36m<button>\u001b[39m\n              \u001b[0mIncrement\u001b[0m\n            \u001b[36m</button>\u001b[39m\n          \u001b[36m</div>\u001b[39m\n        \u001b[36m</div>\u001b[39m\n      \u001b[36m</div>\u001b[39m\n    \u001b[36m</body>\u001b[39m\n","name":"C:\\Users\\Mike\\Desktop\\reactivate_Clean\\packages\\backend\\express_backend\\temp_challenge_runs\\80179f7d-e14d-440e-a50d-1bfb8b0c1075\\solution.test.js","startTime":1760426499108,"status":"failed","summary":""}],"wasInterrupted":false}
