{"numFailedTestSuites":1,"numFailedTests":1,"numPassedTestSuites":0,"numPassedTests":0,"numPendingTestSuites":0,"numPendingTests":0,"numRuntimeErrorTestSuites":0,"numTodoTests":0,"numTotalTestSuites":1,"numTotalTests":1,"openHandles":[],"snapshot":{"added":0,"didUpdate":false,"failure":false,"filesAdded":0,"filesRemoved":0,"filesRemovedList":[],"filesUnmatched":0,"filesUpdated":0,"matched":0,"total":0,"unchecked":0,"uncheckedKeysByFile":[],"unmatched":0,"updated":0},"startTime":1760341584993,"success":false,"testResults":[{"assertionResults":[{"ancestorTitles":["Fragments Challenge"],"duration":94,"failing":false,"failureDetails":[{"matcherResult":{"pass":true,"message":"expect(element).not.toBeInTheDocument()\n\nexpected document not to contain element, found <div><h1>Summary</h1><p>Fragments help you avoid unnecessary HTML elements.</p></div> instead"}}],"failureMessages":["Error: expect(element).not.toBeInTheDocument()\n\nexpected document not to contain element, found <div><h1>Summary</h1><p>Fragments help you avoid unnecessary HTML elements.</p></div> instead\n    at Object.toBeInTheDocument (C:\\Users\\Mike\\Desktop\\reactivate_Clean\\packages\\backend\\express_backend\\temp_challenge_runs\\8f289cbb-f1df-48f6-bc82-83c15b3ee52c\\solution.test.js:16:34)\n    at Promise.finally.completed (C:\\Users\\Mike\\Desktop\\reactivate_Clean\\packages\\backend\\express_backend\\node_modules\\jest-circus\\build\\jestAdapterInit.js:1557:28)\n    at new Promise (<anonymous>)\n    at callAsyncCircusFn (C:\\Users\\Mike\\Desktop\\reactivate_Clean\\packages\\backend\\express_backend\\node_modules\\jest-circus\\build\\jestAdapterInit.js:1497:10)\n    at _callCircusTest (C:\\Users\\Mike\\Desktop\\reactivate_Clean\\packages\\backend\\express_backend\\node_modules\\jest-circus\\build\\jestAdapterInit.js:1007:40)\n    at processTicksAndRejections (node:internal/process/task_queues:105:5)\n    at _runTest (C:\\Users\\Mike\\Desktop\\reactivate_Clean\\packages\\backend\\express_backend\\node_modules\\jest-circus\\build\\jestAdapterInit.js:947:3)\n    at C:\\Users\\Mike\\Desktop\\reactivate_Clean\\packages\\backend\\express_backend\\node_modules\\jest-circus\\build\\jestAdapterInit.js:849:7\n    at _runTestsForDescribeBlock (C:\\Users\\Mike\\Desktop\\reactivate_Clean\\packages\\backend\\express_backend\\node_modules\\jest-circus\\build\\jestAdapterInit.js:862:11)\n    at _runTestsForDescribeBlock (C:\\Users\\Mike\\Desktop\\reactivate_Clean\\packages\\backend\\express_backend\\node_modules\\jest-circus\\build\\jestAdapterInit.js:857:11)\n    at run (C:\\Users\\Mike\\Desktop\\reactivate_Clean\\packages\\backend\\express_backend\\node_modules\\jest-circus\\build\\jestAdapterInit.js:761:3)\n    at runAndTransformResultsToJestFormat (C:\\Users\\Mike\\Desktop\\reactivate_Clean\\packages\\backend\\express_backend\\node_modules\\jest-circus\\build\\jestAdapterInit.js:1918:21)\n    at jestAdapter (C:\\Users\\Mike\\Desktop\\reactivate_Clean\\packages\\backend\\express_backend\\node_modules\\jest-circus\\build\\runner.js:101:19)\n    at runTestInternal (C:\\Users\\Mike\\Desktop\\reactivate_Clean\\packages\\backend\\express_backend\\node_modules\\jest-runner\\build\\index.js:275:16)\n    at runTest (C:\\Users\\Mike\\Desktop\\reactivate_Clean\\packages\\backend\\express_backend\\node_modules\\jest-runner\\build\\index.js:343:7)"],"fullName":"Fragments Challenge renders an h1 and p tag without a parent div","invocations":1,"location":null,"numPassingAsserts":2,"retryReasons":[],"startAt":1760341610281,"status":"failed","title":"renders an h1 and p tag without a parent div"}],"endTime":1760341610395,"message":"  ● Fragments Challenge › renders an h1 and p tag without a parent div\n\n    expect(element).not.toBeInTheDocument()\n\n    expected document not to contain element, found <div><h1>Summary</h1><p>Fragments help you avoid unnecessary HTML elements.</p></div> instead\n","name":"C:\\Users\\Mike\\Desktop\\reactivate_Clean\\packages\\backend\\express_backend\\temp_challenge_runs\\8f289cbb-f1df-48f6-bc82-83c15b3ee52c\\solution.test.js","startTime":1760341595590,"status":"failed","summary":""}],"wasInterrupted":false}
