{"numFailedTestSuites":1,"numFailedTests":0,"numPassedTestSuites":0,"numPassedTests":0,"numPendingTestSuites":0,"numPendingTests":0,"numRuntimeErrorTestSuites":1,"numTodoTests":0,"numTotalTestSuites":1,"numTotalTests":0,"openHandles":[],"snapshot":{"added":0,"didUpdate":false,"failure":false,"filesAdded":0,"filesRemoved":0,"filesRemovedList":[],"filesUnmatched":0,"filesUpdated":0,"matched":0,"total":0,"unchecked":0,"uncheckedKeysByFile":[],"unmatched":0,"updated":0},"startTime":1760092253404,"success":false,"testResults":[{"assertionResults":[],"coverage":{},"endTime":1760092260825,"message":"  ● Test suite failed to run\n\n    Cannot find module '../App' from 'solution.test.js'\n\n    \u001b[0m \u001b[90m 1 |\u001b[39m \u001b[36mimport\u001b[39m { render } \u001b[36mfrom\u001b[39m \u001b[32m\"@testing-library/react\"\u001b[39m\u001b[33m;\u001b[39m\n     \u001b[90m 2 |\u001b[39m \u001b[36mimport\u001b[39m \u001b[32m\"@testing-library/jest-dom\"\u001b[39m\u001b[33m;\u001b[39m\n    \u001b[31m\u001b[1m>\u001b[22m\u001b[39m\u001b[90m 3 |\u001b[39m \u001b[36mimport\u001b[39m \u001b[33mApp\u001b[39m \u001b[36mfrom\u001b[39m \u001b[32m\"../App\"\u001b[39m\u001b[33m;\u001b[39m\n     \u001b[90m   |\u001b[39m \u001b[31m\u001b[1m^\u001b[22m\u001b[39m\n     \u001b[90m 4 |\u001b[39m\n     \u001b[90m 5 |\u001b[39m describe(\u001b[32m\"Fragments Challenge\"\u001b[39m\u001b[33m,\u001b[39m () \u001b[33m=>\u001b[39m {\n     \u001b[90m 6 |\u001b[39m   it(\u001b[32m\"renders an h1 and p tag without a parent div\"\u001b[39m\u001b[33m,\u001b[39m () \u001b[33m=>\u001b[39m {\u001b[0m\n\n      at Resolver._throwModNotFoundError (../../node_modules/jest-resolve/build/index.js:863:11)\n      at Object.require (solution.test.js:3:1)\n","name":"C:\\Users\\Mike\\Desktop\\reactivate_Clean\\packages\\backend\\express_backend\\temp_challenge_runs\\fa2035aa-9be5-48c8-a39a-e0f5d2901e57\\solution.test.js","startTime":1760092260825,"status":"failed","summary":""}],"wasInterrupted":false}
